<?xml version="1.0" encoding="UTF-8"?>
<testsuite name="com.emerson.bpm.nodes.ConcurrencyTest" tests="4" skipped="0" failures="4" errors="0" timestamp="2021-06-09T12:25:07" hostname="LAPTOP-KLEHRG39" time="2.185">
  <properties/>
  <testcase name="testAlphaNodeAddTupleSinkAndRegisterObservers" classname="com.emerson.bpm.nodes.ConcurrencyTest" time="2.166">
    <failure message="java.lang.NullPointerException" type="java.lang.NullPointerException">java.lang.NullPointerException
	at com.emerson.bpm.nodes.el.ELExpressionResolver$ExpressionResolverUnit.parse(ELExpressionResolver.java:102)
	at com.emerson.bpm.nodes.el.ELExpressionResolver$ExpressionResolverUnit.&lt;init&gt;(ELExpressionResolver.java:76)
	at com.emerson.bpm.nodes.el.ELExpressionResolver.getResolverInstance(ELExpressionResolver.java:50)
	at com.emerson.bpm.nodes.AlphaNode.&lt;init&gt;(AlphaNode.java:213)
	at com.emerson.bpm.nodes.ConcurrencyTest.testAlphaNodeAddTupleSinkAndRegisterObservers(ConcurrencyTest.java:610)
	at sun.reflect.NativeMethodAccessorImpl.invoke0(Native Method)
	at sun.reflect.NativeMethodAccessorImpl.invoke(NativeMethodAccessorImpl.java:62)
	at sun.reflect.DelegatingMethodAccessorImpl.invoke(DelegatingMethodAccessorImpl.java:43)
	at java.lang.reflect.Method.invoke(Method.java:498)
	at org.junit.runners.model.FrameworkMethod$1.runReflectiveCall(FrameworkMethod.java:50)
	at org.junit.internal.runners.model.ReflectiveCallable.run(ReflectiveCallable.java:12)
	at org.junit.runners.model.FrameworkMethod.invokeExplosively(FrameworkMethod.java:47)
	at org.junit.internal.runners.statements.InvokeMethod.evaluate(InvokeMethod.java:17)
	at org.junit.runners.ParentRunner.runLeaf(ParentRunner.java:325)
	at org.junit.runners.BlockJUnit4ClassRunner.runChild(BlockJUnit4ClassRunner.java:78)
	at org.junit.runners.BlockJUnit4ClassRunner.runChild(BlockJUnit4ClassRunner.java:57)
	at org.junit.runners.ParentRunner$3.run(ParentRunner.java:290)
	at org.junit.runners.ParentRunner$1.schedule(ParentRunner.java:71)
	at org.junit.runners.ParentRunner.runChildren(ParentRunner.java:288)
	at org.junit.runners.ParentRunner.access$000(ParentRunner.java:58)
	at org.junit.runners.ParentRunner$2.evaluate(ParentRunner.java:268)
	at org.junit.runners.ParentRunner.run(ParentRunner.java:363)
	at org.gradle.api.internal.tasks.testing.junit.JUnitTestClassExecutor.runTestClass(JUnitTestClassExecutor.java:110)
	at org.gradle.api.internal.tasks.testing.junit.JUnitTestClassExecutor.execute(JUnitTestClassExecutor.java:58)
	at org.gradle.api.internal.tasks.testing.junit.JUnitTestClassExecutor.execute(JUnitTestClassExecutor.java:38)
	at org.gradle.api.internal.tasks.testing.junit.AbstractJUnitTestClassProcessor.processTestClass(AbstractJUnitTestClassProcessor.java:62)
	at org.gradle.api.internal.tasks.testing.SuiteTestClassProcessor.processTestClass(SuiteTestClassProcessor.java:51)
	at sun.reflect.NativeMethodAccessorImpl.invoke0(Native Method)
	at sun.reflect.NativeMethodAccessorImpl.invoke(NativeMethodAccessorImpl.java:62)
	at sun.reflect.DelegatingMethodAccessorImpl.invoke(DelegatingMethodAccessorImpl.java:43)
	at java.lang.reflect.Method.invoke(Method.java:498)
	at org.gradle.internal.dispatch.ReflectionDispatch.dispatch(ReflectionDispatch.java:36)
	at org.gradle.internal.dispatch.ReflectionDispatch.dispatch(ReflectionDispatch.java:24)
	at org.gradle.internal.dispatch.ContextClassLoaderDispatch.dispatch(ContextClassLoaderDispatch.java:33)
	at org.gradle.internal.dispatch.ProxyDispatchAdapter$DispatchingInvocationHandler.invoke(ProxyDispatchAdapter.java:94)
	at com.sun.proxy.$Proxy2.processTestClass(Unknown Source)
	at org.gradle.api.internal.tasks.testing.worker.TestWorker.processTestClass(TestWorker.java:119)
	at sun.reflect.NativeMethodAccessorImpl.invoke0(Native Method)
	at sun.reflect.NativeMethodAccessorImpl.invoke(NativeMethodAccessorImpl.java:62)
	at sun.reflect.DelegatingMethodAccessorImpl.invoke(DelegatingMethodAccessorImpl.java:43)
	at java.lang.reflect.Method.invoke(Method.java:498)
	at org.gradle.internal.dispatch.ReflectionDispatch.dispatch(ReflectionDispatch.java:36)
	at org.gradle.internal.dispatch.ReflectionDispatch.dispatch(ReflectionDispatch.java:24)
	at org.gradle.internal.remote.internal.hub.MessageHubBackedObjectConnection$DispatchWrapper.dispatch(MessageHubBackedObjectConnection.java:182)
	at org.gradle.internal.remote.internal.hub.MessageHubBackedObjectConnection$DispatchWrapper.dispatch(MessageHubBackedObjectConnection.java:164)
	at org.gradle.internal.remote.internal.hub.MessageHub$Handler.run(MessageHub.java:414)
	at org.gradle.internal.concurrent.ExecutorPolicy$CatchAndRecordFailures.onExecute(ExecutorPolicy.java:64)
	at org.gradle.internal.concurrent.ManagedExecutorImpl$1.run(ManagedExecutorImpl.java:48)
	at java.util.concurrent.ThreadPoolExecutor.runWorker(ThreadPoolExecutor.java:1149)
	at java.util.concurrent.ThreadPoolExecutor$Worker.run(ThreadPoolExecutor.java:624)
	at org.gradle.internal.concurrent.ThreadFactoryImpl$ManagedThreadRunnable.run(ThreadFactoryImpl.java:56)
	at java.lang.Thread.run(Thread.java:748)
</failure>
  </testcase>
  <testcase name="testAlphaNodeObservable" classname="com.emerson.bpm.nodes.ConcurrencyTest" time="0.006">
    <failure message="java.lang.NullPointerException" type="java.lang.NullPointerException">java.lang.NullPointerException
	at java.lang.Class.isAssignableFrom(Native Method)
	at com.emerson.bpm.nodes.react.MonarchObserver.onNext(MonarchObserver.java:92)
	at io.reactivex.rxjava3.internal.operators.observable.ObservableScalarXMap$ScalarDisposable.run(ObservableScalarXMap.java:248)
	at io.reactivex.rxjava3.internal.operators.observable.ObservableJust.subscribeActual(ObservableJust.java:35)
	at io.reactivex.rxjava3.core.Observable.subscribe(Observable.java:13131)
	at com.emerson.bpm.nodes.ConcurrencyTest.testAlphaNodeObservable(ConcurrencyTest.java:169)
	at sun.reflect.NativeMethodAccessorImpl.invoke0(Native Method)
	at sun.reflect.NativeMethodAccessorImpl.invoke(NativeMethodAccessorImpl.java:62)
	at sun.reflect.DelegatingMethodAccessorImpl.invoke(DelegatingMethodAccessorImpl.java:43)
	at java.lang.reflect.Method.invoke(Method.java:498)
	at org.junit.runners.model.FrameworkMethod$1.runReflectiveCall(FrameworkMethod.java:50)
	at org.junit.internal.runners.model.ReflectiveCallable.run(ReflectiveCallable.java:12)
	at org.junit.runners.model.FrameworkMethod.invokeExplosively(FrameworkMethod.java:47)
	at org.junit.internal.runners.statements.InvokeMethod.evaluate(InvokeMethod.java:17)
	at org.junit.runners.ParentRunner.runLeaf(ParentRunner.java:325)
	at org.junit.runners.BlockJUnit4ClassRunner.runChild(BlockJUnit4ClassRunner.java:78)
	at org.junit.runners.BlockJUnit4ClassRunner.runChild(BlockJUnit4ClassRunner.java:57)
	at org.junit.runners.ParentRunner$3.run(ParentRunner.java:290)
	at org.junit.runners.ParentRunner$1.schedule(ParentRunner.java:71)
	at org.junit.runners.ParentRunner.runChildren(ParentRunner.java:288)
	at org.junit.runners.ParentRunner.access$000(ParentRunner.java:58)
	at org.junit.runners.ParentRunner$2.evaluate(ParentRunner.java:268)
	at org.junit.runners.ParentRunner.run(ParentRunner.java:363)
	at org.gradle.api.internal.tasks.testing.junit.JUnitTestClassExecutor.runTestClass(JUnitTestClassExecutor.java:110)
	at org.gradle.api.internal.tasks.testing.junit.JUnitTestClassExecutor.execute(JUnitTestClassExecutor.java:58)
	at org.gradle.api.internal.tasks.testing.junit.JUnitTestClassExecutor.execute(JUnitTestClassExecutor.java:38)
	at org.gradle.api.internal.tasks.testing.junit.AbstractJUnitTestClassProcessor.processTestClass(AbstractJUnitTestClassProcessor.java:62)
	at org.gradle.api.internal.tasks.testing.SuiteTestClassProcessor.processTestClass(SuiteTestClassProcessor.java:51)
	at sun.reflect.NativeMethodAccessorImpl.invoke0(Native Method)
	at sun.reflect.NativeMethodAccessorImpl.invoke(NativeMethodAccessorImpl.java:62)
	at sun.reflect.DelegatingMethodAccessorImpl.invoke(DelegatingMethodAccessorImpl.java:43)
	at java.lang.reflect.Method.invoke(Method.java:498)
	at org.gradle.internal.dispatch.ReflectionDispatch.dispatch(ReflectionDispatch.java:36)
	at org.gradle.internal.dispatch.ReflectionDispatch.dispatch(ReflectionDispatch.java:24)
	at org.gradle.internal.dispatch.ContextClassLoaderDispatch.dispatch(ContextClassLoaderDispatch.java:33)
	at org.gradle.internal.dispatch.ProxyDispatchAdapter$DispatchingInvocationHandler.invoke(ProxyDispatchAdapter.java:94)
	at com.sun.proxy.$Proxy2.processTestClass(Unknown Source)
	at org.gradle.api.internal.tasks.testing.worker.TestWorker.processTestClass(TestWorker.java:119)
	at sun.reflect.NativeMethodAccessorImpl.invoke0(Native Method)
	at sun.reflect.NativeMethodAccessorImpl.invoke(NativeMethodAccessorImpl.java:62)
	at sun.reflect.DelegatingMethodAccessorImpl.invoke(DelegatingMethodAccessorImpl.java:43)
	at java.lang.reflect.Method.invoke(Method.java:498)
	at org.gradle.internal.dispatch.ReflectionDispatch.dispatch(ReflectionDispatch.java:36)
	at org.gradle.internal.dispatch.ReflectionDispatch.dispatch(ReflectionDispatch.java:24)
	at org.gradle.internal.remote.internal.hub.MessageHubBackedObjectConnection$DispatchWrapper.dispatch(MessageHubBackedObjectConnection.java:182)
	at org.gradle.internal.remote.internal.hub.MessageHubBackedObjectConnection$DispatchWrapper.dispatch(MessageHubBackedObjectConnection.java:164)
	at org.gradle.internal.remote.internal.hub.MessageHub$Handler.run(MessageHub.java:414)
	at org.gradle.internal.concurrent.ExecutorPolicy$CatchAndRecordFailures.onExecute(ExecutorPolicy.java:64)
	at org.gradle.internal.concurrent.ManagedExecutorImpl$1.run(ManagedExecutorImpl.java:48)
	at java.util.concurrent.ThreadPoolExecutor.runWorker(ThreadPoolExecutor.java:1149)
	at java.util.concurrent.ThreadPoolExecutor$Worker.run(ThreadPoolExecutor.java:624)
	at org.gradle.internal.concurrent.ThreadFactoryImpl$ManagedThreadRunnable.run(ThreadFactoryImpl.java:56)
	at java.lang.Thread.run(Thread.java:748)
</failure>
  </testcase>
  <testcase name="testAlphaNodeConnectableObservable" classname="com.emerson.bpm.nodes.ConcurrencyTest" time="0.003">
    <failure message="java.lang.NullPointerException" type="java.lang.NullPointerException">java.lang.NullPointerException
	at com.emerson.bpm.nodes.JoinNode.getMonarchObserver(JoinNode.java:570)
	at com.emerson.bpm.nodes.ConcurrencyTest.testAlphaNodeConnectableObservable(ConcurrencyTest.java:312)
	at sun.reflect.NativeMethodAccessorImpl.invoke0(Native Method)
	at sun.reflect.NativeMethodAccessorImpl.invoke(NativeMethodAccessorImpl.java:62)
	at sun.reflect.DelegatingMethodAccessorImpl.invoke(DelegatingMethodAccessorImpl.java:43)
	at java.lang.reflect.Method.invoke(Method.java:498)
	at org.junit.runners.model.FrameworkMethod$1.runReflectiveCall(FrameworkMethod.java:50)
	at org.junit.internal.runners.model.ReflectiveCallable.run(ReflectiveCallable.java:12)
	at org.junit.runners.model.FrameworkMethod.invokeExplosively(FrameworkMethod.java:47)
	at org.junit.internal.runners.statements.InvokeMethod.evaluate(InvokeMethod.java:17)
	at org.junit.runners.ParentRunner.runLeaf(ParentRunner.java:325)
	at org.junit.runners.BlockJUnit4ClassRunner.runChild(BlockJUnit4ClassRunner.java:78)
	at org.junit.runners.BlockJUnit4ClassRunner.runChild(BlockJUnit4ClassRunner.java:57)
	at org.junit.runners.ParentRunner$3.run(ParentRunner.java:290)
	at org.junit.runners.ParentRunner$1.schedule(ParentRunner.java:71)
	at org.junit.runners.ParentRunner.runChildren(ParentRunner.java:288)
	at org.junit.runners.ParentRunner.access$000(ParentRunner.java:58)
	at org.junit.runners.ParentRunner$2.evaluate(ParentRunner.java:268)
	at org.junit.runners.ParentRunner.run(ParentRunner.java:363)
	at org.gradle.api.internal.tasks.testing.junit.JUnitTestClassExecutor.runTestClass(JUnitTestClassExecutor.java:110)
	at org.gradle.api.internal.tasks.testing.junit.JUnitTestClassExecutor.execute(JUnitTestClassExecutor.java:58)
	at org.gradle.api.internal.tasks.testing.junit.JUnitTestClassExecutor.execute(JUnitTestClassExecutor.java:38)
	at org.gradle.api.internal.tasks.testing.junit.AbstractJUnitTestClassProcessor.processTestClass(AbstractJUnitTestClassProcessor.java:62)
	at org.gradle.api.internal.tasks.testing.SuiteTestClassProcessor.processTestClass(SuiteTestClassProcessor.java:51)
	at sun.reflect.NativeMethodAccessorImpl.invoke0(Native Method)
	at sun.reflect.NativeMethodAccessorImpl.invoke(NativeMethodAccessorImpl.java:62)
	at sun.reflect.DelegatingMethodAccessorImpl.invoke(DelegatingMethodAccessorImpl.java:43)
	at java.lang.reflect.Method.invoke(Method.java:498)
	at org.gradle.internal.dispatch.ReflectionDispatch.dispatch(ReflectionDispatch.java:36)
	at org.gradle.internal.dispatch.ReflectionDispatch.dispatch(ReflectionDispatch.java:24)
	at org.gradle.internal.dispatch.ContextClassLoaderDispatch.dispatch(ContextClassLoaderDispatch.java:33)
	at org.gradle.internal.dispatch.ProxyDispatchAdapter$DispatchingInvocationHandler.invoke(ProxyDispatchAdapter.java:94)
	at com.sun.proxy.$Proxy2.processTestClass(Unknown Source)
	at org.gradle.api.internal.tasks.testing.worker.TestWorker.processTestClass(TestWorker.java:119)
	at sun.reflect.NativeMethodAccessorImpl.invoke0(Native Method)
	at sun.reflect.NativeMethodAccessorImpl.invoke(NativeMethodAccessorImpl.java:62)
	at sun.reflect.DelegatingMethodAccessorImpl.invoke(DelegatingMethodAccessorImpl.java:43)
	at java.lang.reflect.Method.invoke(Method.java:498)
	at org.gradle.internal.dispatch.ReflectionDispatch.dispatch(ReflectionDispatch.java:36)
	at org.gradle.internal.dispatch.ReflectionDispatch.dispatch(ReflectionDispatch.java:24)
	at org.gradle.internal.remote.internal.hub.MessageHubBackedObjectConnection$DispatchWrapper.dispatch(MessageHubBackedObjectConnection.java:182)
	at org.gradle.internal.remote.internal.hub.MessageHubBackedObjectConnection$DispatchWrapper.dispatch(MessageHubBackedObjectConnection.java:164)
	at org.gradle.internal.remote.internal.hub.MessageHub$Handler.run(MessageHub.java:414)
	at org.gradle.internal.concurrent.ExecutorPolicy$CatchAndRecordFailures.onExecute(ExecutorPolicy.java:64)
	at org.gradle.internal.concurrent.ManagedExecutorImpl$1.run(ManagedExecutorImpl.java:48)
	at java.util.concurrent.ThreadPoolExecutor.runWorker(ThreadPoolExecutor.java:1149)
	at java.util.concurrent.ThreadPoolExecutor$Worker.run(ThreadPoolExecutor.java:624)
	at org.gradle.internal.concurrent.ThreadFactoryImpl$ManagedThreadRunnable.run(ThreadFactoryImpl.java:56)
	at java.lang.Thread.run(Thread.java:748)
</failure>
  </testcase>
  <testcase name="testAlphaNodeAddTupleSink" classname="com.emerson.bpm.nodes.ConcurrencyTest" time="0.009">
    <failure message="java.lang.NullPointerException" type="java.lang.NullPointerException">java.lang.NullPointerException
	at com.emerson.bpm.nodes.react.ObjectTypeNode.getMonarchObserver(ObjectTypeNode.java:76)
	at com.emerson.bpm.nodes.ConcurrencyTest.testAlphaNodeAddTupleSink(ConcurrencyTest.java:484)
	at sun.reflect.NativeMethodAccessorImpl.invoke0(Native Method)
	at sun.reflect.NativeMethodAccessorImpl.invoke(NativeMethodAccessorImpl.java:62)
	at sun.reflect.DelegatingMethodAccessorImpl.invoke(DelegatingMethodAccessorImpl.java:43)
	at java.lang.reflect.Method.invoke(Method.java:498)
	at org.junit.runners.model.FrameworkMethod$1.runReflectiveCall(FrameworkMethod.java:50)
	at org.junit.internal.runners.model.ReflectiveCallable.run(ReflectiveCallable.java:12)
	at org.junit.runners.model.FrameworkMethod.invokeExplosively(FrameworkMethod.java:47)
	at org.junit.internal.runners.statements.InvokeMethod.evaluate(InvokeMethod.java:17)
	at org.junit.runners.ParentRunner.runLeaf(ParentRunner.java:325)
	at org.junit.runners.BlockJUnit4ClassRunner.runChild(BlockJUnit4ClassRunner.java:78)
	at org.junit.runners.BlockJUnit4ClassRunner.runChild(BlockJUnit4ClassRunner.java:57)
	at org.junit.runners.ParentRunner$3.run(ParentRunner.java:290)
	at org.junit.runners.ParentRunner$1.schedule(ParentRunner.java:71)
	at org.junit.runners.ParentRunner.runChildren(ParentRunner.java:288)
	at org.junit.runners.ParentRunner.access$000(ParentRunner.java:58)
	at org.junit.runners.ParentRunner$2.evaluate(ParentRunner.java:268)
	at org.junit.runners.ParentRunner.run(ParentRunner.java:363)
	at org.gradle.api.internal.tasks.testing.junit.JUnitTestClassExecutor.runTestClass(JUnitTestClassExecutor.java:110)
	at org.gradle.api.internal.tasks.testing.junit.JUnitTestClassExecutor.execute(JUnitTestClassExecutor.java:58)
	at org.gradle.api.internal.tasks.testing.junit.JUnitTestClassExecutor.execute(JUnitTestClassExecutor.java:38)
	at org.gradle.api.internal.tasks.testing.junit.AbstractJUnitTestClassProcessor.processTestClass(AbstractJUnitTestClassProcessor.java:62)
	at org.gradle.api.internal.tasks.testing.SuiteTestClassProcessor.processTestClass(SuiteTestClassProcessor.java:51)
	at sun.reflect.NativeMethodAccessorImpl.invoke0(Native Method)
	at sun.reflect.NativeMethodAccessorImpl.invoke(NativeMethodAccessorImpl.java:62)
	at sun.reflect.DelegatingMethodAccessorImpl.invoke(DelegatingMethodAccessorImpl.java:43)
	at java.lang.reflect.Method.invoke(Method.java:498)
	at org.gradle.internal.dispatch.ReflectionDispatch.dispatch(ReflectionDispatch.java:36)
	at org.gradle.internal.dispatch.ReflectionDispatch.dispatch(ReflectionDispatch.java:24)
	at org.gradle.internal.dispatch.ContextClassLoaderDispatch.dispatch(ContextClassLoaderDispatch.java:33)
	at org.gradle.internal.dispatch.ProxyDispatchAdapter$DispatchingInvocationHandler.invoke(ProxyDispatchAdapter.java:94)
	at com.sun.proxy.$Proxy2.processTestClass(Unknown Source)
	at org.gradle.api.internal.tasks.testing.worker.TestWorker.processTestClass(TestWorker.java:119)
	at sun.reflect.NativeMethodAccessorImpl.invoke0(Native Method)
	at sun.reflect.NativeMethodAccessorImpl.invoke(NativeMethodAccessorImpl.java:62)
	at sun.reflect.DelegatingMethodAccessorImpl.invoke(DelegatingMethodAccessorImpl.java:43)
	at java.lang.reflect.Method.invoke(Method.java:498)
	at org.gradle.internal.dispatch.ReflectionDispatch.dispatch(ReflectionDispatch.java:36)
	at org.gradle.internal.dispatch.ReflectionDispatch.dispatch(ReflectionDispatch.java:24)
	at org.gradle.internal.remote.internal.hub.MessageHubBackedObjectConnection$DispatchWrapper.dispatch(MessageHubBackedObjectConnection.java:182)
	at org.gradle.internal.remote.internal.hub.MessageHubBackedObjectConnection$DispatchWrapper.dispatch(MessageHubBackedObjectConnection.java:164)
	at org.gradle.internal.remote.internal.hub.MessageHub$Handler.run(MessageHub.java:414)
	at org.gradle.internal.concurrent.ExecutorPolicy$CatchAndRecordFailures.onExecute(ExecutorPolicy.java:64)
	at org.gradle.internal.concurrent.ManagedExecutorImpl$1.run(ManagedExecutorImpl.java:48)
	at java.util.concurrent.ThreadPoolExecutor.runWorker(ThreadPoolExecutor.java:1149)
	at java.util.concurrent.ThreadPoolExecutor$Worker.run(ThreadPoolExecutor.java:624)
	at org.gradle.internal.concurrent.ThreadFactoryImpl$ManagedThreadRunnable.run(ThreadFactoryImpl.java:56)
	at java.lang.Thread.run(Thread.java:748)
</failure>
  </testcase>
  <system-out><![CDATA[commence test 2 
 nullsafemap get configurationProps = {}gwen props =  java.runtime.name = Java(TM) SE Runtime Environment
gwen props =  sun.boot.library.path = C:\Program Files\Java\jdk1.8.0_231\jre\bin
gwen props =  java.vm.version = 25.231-b11
gwen props =  BEAN_PACKAGES_CLASS = com.emerson.bpm.nodes.match.FieldNameComparator
gwen props =  java.vm.vendor = Oracle Corporation
gwen props =  java.vendor.url = http://java.oracle.com/
gwen props =  path.separator = ;
gwen props =  java.vm.name = Java HotSpot(TM) 64-Bit Server VM
gwen props =  file.encoding.pkg = sun.io
gwen props =  user.script = 
gwen props =  sun.java.launcher = SUN_STANDARD
gwen props =  user.country = IN
gwen props =  sun.os.patch.level = 
gwen props =  java.vm.specification.name = Java Virtual Machine Specification
gwen props =  user.dir = C:\Users\Omprakash\workspace7\EmersonBPM\bpm-core
gwen props =  SCAN_FOR_BEAN_PACKAGES = true
gwen props =  java.runtime.version = 1.8.0_231-b11
gwen props =  java.awt.graphicsenv = sun.awt.Win32GraphicsEnvironment
gwen props =  java.endorsed.dirs = C:\Program Files\Java\jdk1.8.0_231\jre\lib\endorsed
gwen props =  os.arch = amd64
gwen props =  java.io.tmpdir = C:\Users\OMPRAK~1\AppData\Local\Temp\
gwen props =  line.separator = 

gwen props =  PADDLES_CLASS = com.emerson.bpm.engine.EmersonSession
gwen props =  java.vm.specification.vendor = Oracle Corporation
gwen props =  user.variant = 
gwen props =  os.name = Windows 10
gwen props =  sun.jnu.encoding = Cp1252
gwen props =  java.library.path = C:\Program Files\Java\jdk1.8.0_231\bin;C:\WINDOWS\Sun\Java\bin;C:\WINDOWS\system32;C:\WINDOWS;C:\Program Files\ImageMagick-7.0.10-Q16;C:\Users\Omprakash\AppData\Local\Programs\Python\Python38;C:\Windows\system32;C:\Windows;C:\Windows\System32\Wbem;C:\Windows\System32\WindowsPowerShell\v1.0\;C:\Windows\System32\OpenSSH\;C:\Program Files (x86)\NVIDIA Corporation\PhysX\Common;C:\Program Files\NVIDIA Corporation\NVIDIA NvDLISR;C:\Program Files\PuTTY\;C:\Program Files\dotnet\;C:\Program Files\Microsoft SQL Server\130\Tools\Binn\;C:\Program Files\Microsoft SQL Server\Client SDK\ODBC\170\Tools\Binn\;C:\Program Files\PostgreSQL\9.6\bin;C:\CMake\bin;C:\Users\Omprakash\.cargo\bin;C:\Program-Files\sdl2;C:\Program Files\LLVM\bin;C:\Go\bin;C:\Program Files (x86)\NVIDIA Corporation\Cg\bin;C:\Program Files (x86)\NVIDIA Corporation\Cg\bin.x64;C:\Program Files\GVFS;C:\Program Files (x86)\sbt\bin;C:\WINDOWS\system32;C:\WINDOWS;C:\WINDOWS\System32\Wbem;C:\WINDOWS\System32\WindowsPowerShell\v1.0\;C:\WINDOWS\System32\OpenSSH\;C:\Program Files\Docker\Docker\resources\bin;C:\ProgramData\DockerDesktop\version-bin;C:\Program Files\nodejs\;C:\Users\Omprakash\.cargo\bin;C:\Program Files\Java\jdk1.8.0_231\bin;C:\TDM-GCC-64\bin;C:\Users\Omprakash\AppData\Local\Microsoft\WindowsApps;C:\Program Files (x86)\mysql-8.0.18-winx64\bin;C:\Users\Omprakash\AppData\Local\Programs\Python\Python38;C:\cygwin64\bin;C:\Program Files\Git\bin;D:\gradle-6.6.1\bin;C:\Bitnami\wampstack-7.3.11-0\mysql\bin;C:\apache-ant-1.10.7\bin;C:\apache-maven-3.6.3\bin;d:\groovy-3.0.0\bin;C:\Python27\;C:\Users\Omprakash\AppData\Local\Programs\Python\Python38;C:\Python27\Scripts;C:\Program Files\PostgreSQL\12\bin;c:\go\bin;C:\Users\Omprakash\.dotnet\tools;C:\Program Files\ImageMagick-7.0.9-Q16;C:\Users\Omprakash\go\bin;C:\Program Files\GVFS;C:\Program Files (x86)\sbt\bin;C:\Users\Omprakash\AppData\Local\Microsoft\WindowsApps;D:\tools\emscripten;C:\Users\Omprakash\AppData\Roaming\npm;C:\Users\Omprakash\AppData\Local\Google\Cloud SDK\google-cloud-sdk\bin;.
gwen props =  java.specification.name = Java Platform API Specification
gwen props =  java.class.version = 52.0
gwen props =  org.gradle.native = false
gwen props =  sun.management.compiler = HotSpot 64-Bit Tiered Compilers
gwen props =  os.version = 10.0
gwen props =  user.home = C:\Users\Omprakash
gwen props =  user.timezone = Asia/Calcutta
gwen props =  java.awt.printerjob = sun.awt.windows.WPrinterJob
gwen props =  file.encoding = windows-1252
gwen props =  java.specification.version = 1.8
gwen props =  java.class.path = C:\Users\Omprakash\workspace7\EmersonBPM\bpm-core\build\classes\java\test;C:\Users\Omprakash\workspace7\EmersonBPM\bpm-core\build\resources\test;C:\Users\Omprakash\workspace7\EmersonBPM\bpm-core\build\classes\java\main;C:\Users\Omprakash\workspace7\EmersonBPM\bpm-core\build\resources\main;C:\Users\Omprakash\workspace7\EmersonBPM\bpm-util\build\libs\bpm-util.jar;C:\Users\Omprakash\workspace7\EmersonBPM\bpm-nodes\build\libs\bpm-nodes.jar;C:\Users\Omprakash\workspace7\EmersonBPM\bpm-nodes-match\build\libs\bpm-nodes-match.jar;C:\Users\Omprakash\workspace7\EmersonBPM\bpm-functor\build\libs\bpm-functor.jar;C:\Users\Omprakash\workspace7\EmersonBPM\bpm-nodes-match-sql\build\libs\bpm-nodes-match-sql.jar;C:\Users\Omprakash\workspace7\EmersonBPM\bpm-xml-schema\build\libs\bpm-xml-schema.jar;C:\Users\Omprakash\workspace7\EmersonBPM\bpm-api\build\libs\bpm-api.jar;C:\Users\Omprakash\.gradle\caches\modules-2\files-2.1\org.apache.commons\commons-math3\3.6.1\e4ba98f1d4b3c80ec46392f25e094a6a2e58fcbf\commons-math3-3.6.1.jar;C:\Users\Omprakash\.gradle\caches\modules-2\files-2.1\io.reactivex.rxjava3\rxjava\3.0.13\2d8852fa0d83b346499fbabe3233cdea7c0f4095\rxjava-3.0.13.jar;C:\Users\Omprakash\.gradle\caches\modules-2\files-2.1\javax.el\javax.el-api\3.0.1-b06\9c4c2400f2d8e35c62d636c13012e1f68c370a00\javax.el-api-3.0.1-b06.jar;C:\Users\Omprakash\.gradle\caches\modules-2\files-2.1\javax.inject\javax.inject\1\6975da39a7040257bd51d21a231b76c915872d38\javax.inject-1.jar;C:\Users\Omprakash\.gradle\caches\modules-2\files-2.1\org.apache.commons\commons-collections4\4.4\62ebe7544cb7164d87e0637a2a6a2bdc981395e8\commons-collections4-4.4.jar;C:\Users\Omprakash\.m2\repository\com\pago\pago-annotations\2.2.0-SNAPSHOT\pago-annotations-2.2.0-SNAPSHOT.jar;C:\Users\Omprakash\.gradle\caches\modules-2\files-2.1\com.google.guava\guava\28.0-jre\54fed371b4b8a8cce1e94a9abd9620982d3aa54b\guava-28.0-jre.jar;C:\Users\Omprakash\.gradle\caches\modules-2\files-2.1\junit\junit\4.12\2973d150c0dc1fefe998f834810d68f278ea58ec\junit-4.12.jar;C:\Users\Omprakash\.gradle\caches\modules-2\files-2.1\org.kie\kie-api\7.54.0.Final\4a80b6c55876bc8c9836a69f31be5741bce87f59\kie-api-7.54.0.Final.jar;C:\Users\Omprakash\.gradle\caches\modules-2\files-2.1\org.reactivestreams\reactive-streams\1.0.3\d9fb7a7926ffa635b3dcaa5049fb2bfa25b3e7d0\reactive-streams-1.0.3.jar;C:\Users\Omprakash\.gradle\caches\modules-2\files-2.1\joda-time\joda-time\2.10.10\29e8126e31f41e5c12b9fe3a7eb02e704c47d70b\joda-time-2.10.10.jar;C:\Users\Omprakash\.gradle\caches\modules-2\files-2.1\javax.persistence\javax.persistence-api\2.2\25665ac8c0b62f50e6488173233239120fc52c96\javax.persistence-api-2.2.jar;C:\Users\Omprakash\.gradle\caches\modules-2\files-2.1\org.mariuszgromada.math\MathParser.org-mXparser\4.4.2\45c0757fa12804c34c9d21f4c549a06ef3f72ae2\MathParser.org-mXparser-4.4.2.jar;C:\Users\Omprakash\.gradle\caches\modules-2\files-2.1\org.jeasy\easy-random-core\5.0.0\2cb40d3bddaa900cfa3587cc4528f38ad669527a\easy-random-core-5.0.0.jar;C:\Users\Omprakash\.gradle\caches\modules-2\files-2.1\com.google.guava\failureaccess\1.0.1\1dcf1de382a0bf95a3d8b0849546c88bac1292c9\failureaccess-1.0.1.jar;C:\Users\Omprakash\.gradle\caches\modules-2\files-2.1\com.google.guava\listenablefuture\9999.0-empty-to-avoid-conflict-with-guava\b421526c5f297295adef1c886e5246c39d4ac629\listenablefuture-9999.0-empty-to-avoid-conflict-with-guava.jar;C:\Users\Omprakash\.gradle\caches\modules-2\files-2.1\com.google.code.findbugs\jsr305\3.0.2\25ea2e8b0c338a877313bd4672d3fe056ea78f0d\jsr305-3.0.2.jar;C:\Users\Omprakash\.gradle\caches\modules-2\files-2.1\org.checkerframework\checker-qual\2.8.1\eb2e8ab75598548cc8acf9a1ca227e480e01881e\checker-qual-2.8.1.jar;C:\Users\Omprakash\.gradle\caches\modules-2\files-2.1\com.google.errorprone\error_prone_annotations\2.3.2\d1a0c5032570e0f64be6b4d9c90cdeb103129029\error_prone_annotations-2.3.2.jar;C:\Users\Omprakash\.gradle\caches\modules-2\files-2.1\com.google.j2objc\j2objc-annotations\1.3\ba035118bc8bac37d7eff77700720999acd9986d\j2objc-annotations-1.3.jar;C:\Users\Omprakash\.gradle\caches\modules-2\files-2.1\org.codehaus.mojo\animal-sniffer-annotations\1.17\f97ce6decaea32b36101e37979f8b647f00681fb\animal-sniffer-annotations-1.17.jar;C:\Users\Omprakash\.gradle\caches\modules-2\files-2.1\org.hamcrest\hamcrest-core\1.3\42a25dc3219429f0e5d060061f71acb49bf010a0\hamcrest-core-1.3.jar;C:\Users\Omprakash\.gradle\caches\modules-2\files-2.1\org.kie.soup\kie-soup-maven-support\7.54.0.Final\47fbafcdfa0eeff819ec6d1ecb18d13163de7090\kie-soup-maven-support-7.54.0.Final.jar;C:\Users\Omprakash\.gradle\caches\modules-2\files-2.1\org.slf4j\slf4j-api\1.7.30\b5a4b6d16ab13e34a88fae84c35cd5d68cac922c\slf4j-api-1.7.30.jar;C:\Users\Omprakash\.gradle\caches\modules-2\files-2.1\org.hibernate.validator\hibernate-validator\6.0.17.Final\af73055fc4a103ab347c56e7da5a143d68a0170\hibernate-validator-6.0.17.Final.jar;C:\Users\Omprakash\.gradle\caches\modules-2\files-2.1\org.jdom\jdom\1.1\1d04c0f321ea337f3661cf7ede8f4c6f653a8fdd\jdom-1.1.jar;C:\Users\Omprakash\.gradle\caches\modules-2\files-2.1\javax.xml.bind\jaxb-api\2.3.1\8531ad5ac454cc2deb9d4d32c40c4d7451939b5d\jaxb-api-2.3.1.jar;C:\Users\Omprakash\.gradle\caches\modules-2\files-2.1\com.sun.xml.bind\jaxb-impl\3.0.1\b2de35b8535302825d945462d2684823dedbf1bb\jaxb-impl-3.0.1.jar;C:\Users\Omprakash\.gradle\caches\modules-2\files-2.1\com.sun.xml.bind\jaxb-core\3.0.1\9fd8003b748dd66776aa72890fe30313a5a34d1d\jaxb-core-3.0.1.jar;C:\Users\Omprakash\.gradle\caches\modules-2\files-2.1\xerces\xercesImpl\2.12.1\3a206b25679f598a03374afd4e0410d8849b088b\xercesImpl-2.12.1.jar;C:\Users\Omprakash\.gradle\caches\modules-2\files-2.1\org.w3c\dom\2.3.0-jaxb-1.0.6\fbe7e88b94614968f2cfb1c62663933dcaf77a88\dom-2.3.0-jaxb-1.0.6.jar;C:\Users\Omprakash\.gradle\caches\modules-2\files-2.1\org.objenesis\objenesis\3.1\48f12deaae83a8dfc3775d830c9fd60ea59bbbca\objenesis-3.1.jar;C:\Users\Omprakash\.gradle\caches\modules-2\files-2.1\io.github.classgraph\classgraph\4.8.90\6167e1626143621df535fe14cf16cf215f2246e\classgraph-4.8.90.jar;C:\Users\Omprakash\.gradle\caches\modules-2\files-2.1\javax.validation\validation-api\2.0.1.Final\cb855558e6271b1b32e716d24cb85c7f583ce09e\validation-api-2.0.1.Final.jar;C:\Users\Omprakash\.gradle\caches\modules-2\files-2.1\org.jboss.logging\jboss-logging\3.3.2.Final\3789d00e859632e6c6206adc0c71625559e6e3b0\jboss-logging-3.3.2.Final.jar;C:\Users\Omprakash\.gradle\caches\modules-2\files-2.1\com.fasterxml\classmate\1.3.4\3d5f48f10bbe4eb7bd862f10c0583be2e0053c6\classmate-1.3.4.jar;C:\Users\Omprakash\.gradle\caches\modules-2\files-2.1\javax.activation\javax.activation-api\1.2.0\85262acf3ca9816f9537ca47d5adeabaead7cb16\javax.activation-api-1.2.0.jar;C:\Users\Omprakash\.gradle\caches\modules-2\files-2.1\jakarta.xml.bind\jakarta.xml.bind-api\3.0.1\5257932df36ff3e4e6de50429dde946490a6a800\jakarta.xml.bind-api-3.0.1.jar;C:\Users\Omprakash\.gradle\caches\modules-2\files-2.1\com.sun.activation\jakarta.activation\2.0.1\828b80e886a52bb09fe41ff410b10b342f533ce1\jakarta.activation-2.0.1.jar
gwen props =  user.name = Omprakash
gwen props =  java.vm.specification.version = 1.8
gwen props =  sun.java.command = worker.org.gradle.process.internal.worker.GradleWorkerMain 'Gradle Test Executor 4'
gwen props =  java.home = C:\Program Files\Java\jdk1.8.0_231\jre
gwen props =  sun.arch.data.model = 64
gwen props =  user.language = en
gwen props =  java.specification.vendor = Oracle Corporation
gwen props =  awt.toolkit = sun.awt.windows.WToolkit
gwen props =  java.vm.info = mixed mode
gwen props =  java.version = 1.8.0_231
gwen props =  java.ext.dirs = C:\Program Files\Java\jdk1.8.0_231\jre\lib\ext;C:\WINDOWS\Sun\Java\lib\ext
gwen props =  sun.boot.class.path = C:\Program Files\Java\jdk1.8.0_231\jre\lib\resources.jar;C:\Program Files\Java\jdk1.8.0_231\jre\lib\rt.jar;C:\Program Files\Java\jdk1.8.0_231\jre\lib\sunrsasign.jar;C:\Program Files\Java\jdk1.8.0_231\jre\lib\jsse.jar;C:\Program Files\Java\jdk1.8.0_231\jre\lib\jce.jar;C:\Program Files\Java\jdk1.8.0_231\jre\lib\charsets.jar;C:\Program Files\Java\jdk1.8.0_231\jre\lib\jfr.jar;C:\Program Files\Java\jdk1.8.0_231\jre\classes
gwen props =  java.vendor = Oracle Corporation
gwen props =  org.gradle.test.worker = 4
gwen props =  file.separator = \
gwen props =  java.vendor.url.bug = http://bugreport.sun.com/bugreport/
gwen props =  sun.io.unicode.encoding = UnicodeLittle
gwen props =  sun.cpu.endian = little
gwen props =  sun.desktop = windows
gwen props =  sun.cpu.isalist = amd64
this.paddleconfig not null= null
17:55:08.012 [Test worker] DEBUG com.picasso.paddle.inject.PaddleAnnotationContext - Got scan packages :[com.emerson.bpm.*]
 ANNCTX  scanBeanPackages = true
 ANNCTX  beanPackagesClass = class com.emerson.bpm.nodes.match.FieldNameComparator
 ANNCTX  this.beanScanPkgs = [com.emerson.bpm.model]
17:55:08.017 [Test worker] DEBUG com.picasso.paddle.inject.PaddleAnnotationContext - Got Bean scan packages :[com.emerson.bpm.model]
rootinj context =com.picasso.paddle.inject.PaddleAnnotationContext@4184fac4
rootinj context pkgs =[Ljava.lang.String;@3c842239
paddleinjector ctx param pkgs = [Ljava.lang.String;@3c842239
paddleinjector this ctx param pkgs = [Ljava.lang.String;@3c842239
pkgs =  [ com.emerson.bpm.*, ] 
topicmap init called
 [*] Waiting for messages. To exit press CTRL+C
pkgs =  [ com.emerson.bpm.*, ] 
Initiating Cleaner Thread..
In AICT setInjector inj set = com.picasso.paddle.PaddleInjector@72c2cc24
CSSSCT calling csp scanner  
in ICMQTask call submit 
dir packageName = com.emerson.bpm.*
dir pkg norm = com.emerson.bpm.*
ClassInfoList classInfoList= []
found qualifier com.emerson.bpm.engine.EmersonSession
dochecks doing super owner = com.emerson.bpm.engine.EmersonSession
got data   AnnotLinkage::com.emerson.bpm.engine.EmersonSession::null
AGR xob clas s=  class com.evatic.paddle.api.linkage.FactoryLinkage
AGR xob =  com.evatic.paddle.api.linkage.FactoryLinkage
found inject com.emerson.bpm.nodes.match.DefaultComparator
17:55:08.826 [Test worker] INFO com.picasso.paddle.tasks.CIScanTask - 2Inject counter = 0
0
17:55:08.827 [Test worker] INFO com.picasso.paddle.tasks.CIScanTask - annotsBot.hasinject() false
17:55:08.827 [Test worker] INFO com.picasso.paddle.tasks.CIScanTask - annotsBot.hasNamed() false
########annotsbot hasqualifier count = 0
########annotsbot hasqualifier sum = 0
17:55:08.827 [Test worker] INFO com.picasso.paddle.tasks.CIScanTask - annotsBot.hasQualifiers() false
17:55:08.827 [Test worker] INFO com.picasso.paddle.tasks.CIScanTask - annotsBot.hasSingleton() false
########annotsbot hasqualifier count = 0
########annotsbot hasqualifier sum = 0
0
17:55:08.827 [Test worker] INFO com.picasso.paddle.tasks.CIScanTask - annotsBot.hasinject() false
17:55:08.827 [Test worker] INFO com.picasso.paddle.tasks.CIScanTask - annotsBot.hasNamed() false
########annotsbot hasqualifier count = 0
########annotsbot hasqualifier sum = 0
17:55:08.828 [Test worker] INFO com.picasso.paddle.tasks.CIScanTask - annotsBot.hasQualifiers() false
17:55:08.828 [Test worker] INFO com.picasso.paddle.tasks.CIScanTask - annotsBot.hasSingleton() false
########annotsbot hasqualifier count = 0
########annotsbot hasqualifier sum = 0
0
17:55:08.828 [Test worker] INFO com.picasso.paddle.tasks.CIScanTask - annotsBot.hasinject() false
17:55:08.828 [Test worker] INFO com.picasso.paddle.tasks.CIScanTask - annotsBot.hasNamed() false
########annotsbot hasqualifier count = 0
########annotsbot hasqualifier sum = 0
17:55:08.828 [Test worker] INFO com.picasso.paddle.tasks.CIScanTask - annotsBot.hasQualifiers() false
17:55:08.828 [Test worker] INFO com.picasso.paddle.tasks.CIScanTask - annotsBot.hasSingleton() false
########annotsbot hasqualifier count = 0
########annotsbot hasqualifier sum = 0
0
17:55:08.828 [Test worker] INFO com.picasso.paddle.tasks.CIScanTask - annotsBot.hasinject() false
17:55:08.828 [Test worker] INFO com.picasso.paddle.tasks.CIScanTask - annotsBot.hasNamed() false
########annotsbot hasqualifier count = 0
########annotsbot hasqualifier sum = 0
17:55:08.828 [Test worker] INFO com.picasso.paddle.tasks.CIScanTask - annotsBot.hasQualifiers() false
17:55:08.828 [Test worker] INFO com.picasso.paddle.tasks.CIScanTask - annotsBot.hasSingleton() false
########annotsbot hasqualifier count = 0
########annotsbot hasqualifier sum = 0
0
17:55:08.829 [Test worker] INFO com.picasso.paddle.tasks.CIScanTask - annotsBot.hasinject() false
17:55:08.829 [Test worker] INFO com.picasso.paddle.tasks.CIScanTask - annotsBot.hasNamed() false
########annotsbot hasqualifier count = 0
########annotsbot hasqualifier sum = 0
17:55:08.829 [Test worker] INFO com.picasso.paddle.tasks.CIScanTask - annotsBot.hasQualifiers() false
17:55:08.829 [Test worker] INFO com.picasso.paddle.tasks.CIScanTask - annotsBot.hasSingleton() false
########annotsbot hasqualifier count = 0
########annotsbot hasqualifier sum = 0
1
17:55:08.829 [Test worker] INFO com.picasso.paddle.tasks.CIScanTask - annotsBot.hasinject() true
17:55:08.829 [Test worker] INFO com.picasso.paddle.tasks.CIScanTask - annotsBot.hasNamed() false
########annotsbot hasqualifier count = 1
########annotsbot hasqualifier sum = 1
17:55:08.829 [Test worker] INFO com.picasso.paddle.tasks.CIScanTask - annotsBot.hasQualifiers() false
17:55:08.829 [Test worker] INFO com.picasso.paddle.tasks.CIScanTask - annotsBot.hasSingleton() false
########annotsbot hasqualifier count = 1
########annotsbot hasqualifier sum = 1
fsp hasInject 
0
17:55:08.830 [Test worker] INFO com.picasso.paddle.tasks.CIScanTask - annotsBot.hasinject() false
17:55:08.830 [Test worker] INFO com.picasso.paddle.tasks.CIScanTask - annotsBot.hasNamed() false
########annotsbot hasqualifier count = 0
########annotsbot hasqualifier sum = 0
17:55:08.830 [Test worker] INFO com.picasso.paddle.tasks.CIScanTask - annotsBot.hasQualifiers() false
17:55:08.830 [Test worker] INFO com.picasso.paddle.tasks.CIScanTask - annotsBot.hasSingleton() false
########annotsbot hasqualifier count = 0
########annotsbot hasqualifier sum = 0
0
17:55:08.830 [Test worker] INFO com.picasso.paddle.tasks.CIScanTask - annotsBot.hasinject() false
17:55:08.830 [Test worker] INFO com.picasso.paddle.tasks.CIScanTask - annotsBot.hasNamed() false
########annotsbot hasqualifier count = 0
########annotsbot hasqualifier sum = 0
17:55:08.830 [Test worker] INFO com.picasso.paddle.tasks.CIScanTask - annotsBot.hasQualifiers() false
17:55:08.830 [Test worker] INFO com.picasso.paddle.tasks.CIScanTask - annotsBot.hasSingleton() false
########annotsbot hasqualifier count = 0
########annotsbot hasqualifier sum = 0
0
17:55:08.830 [Test worker] INFO com.picasso.paddle.tasks.CIScanTask - annotsBot.hasinject() false
17:55:08.830 [Test worker] INFO com.picasso.paddle.tasks.CIScanTask - annotsBot.hasNamed() false
########annotsbot hasqualifier count = 0
########annotsbot hasqualifier sum = 0
17:55:08.830 [Test worker] INFO com.picasso.paddle.tasks.CIScanTask - annotsBot.hasQualifiers() false
17:55:08.830 [Test worker] INFO com.picasso.paddle.tasks.CIScanTask - annotsBot.hasSingleton() false
########annotsbot hasqualifier count = 0
########annotsbot hasqualifier sum = 0
0
17:55:08.831 [Test worker] INFO com.picasso.paddle.tasks.CIScanTask - annotsBot.hasinject() false
17:55:08.831 [Test worker] INFO com.picasso.paddle.tasks.CIScanTask - annotsBot.hasNamed() false
########annotsbot hasqualifier count = 0
########annotsbot hasqualifier sum = 0
17:55:08.831 [Test worker] INFO com.picasso.paddle.tasks.CIScanTask - annotsBot.hasQualifiers() false
17:55:08.831 [Test worker] INFO com.picasso.paddle.tasks.CIScanTask - annotsBot.hasSingleton() false
########annotsbot hasqualifier count = 0
########annotsbot hasqualifier sum = 0
0
17:55:08.831 [Test worker] INFO com.picasso.paddle.tasks.CIScanTask - annotsBot.hasinject() false
17:55:08.831 [Test worker] INFO com.picasso.paddle.tasks.CIScanTask - annotsBot.hasNamed() false
########annotsbot hasqualifier count = 0
########annotsbot hasqualifier sum = 0
17:55:08.831 [Test worker] INFO com.picasso.paddle.tasks.CIScanTask - annotsBot.hasQualifiers() false
17:55:08.831 [Test worker] INFO com.picasso.paddle.tasks.CIScanTask - annotsBot.hasSingleton() false
########annotsbot hasqualifier count = 0
########annotsbot hasqualifier sum = 0
0
17:55:08.831 [Test worker] INFO com.picasso.paddle.tasks.CIScanTask - annotsBot.hasinject() false
17:55:08.832 [Test worker] INFO com.picasso.paddle.tasks.CIScanTask - annotsBot.hasNamed() false
########annotsbot hasqualifier count = 0
########annotsbot hasqualifier sum = 0
17:55:08.832 [Test worker] INFO com.picasso.paddle.tasks.CIScanTask - annotsBot.hasQualifiers() false
17:55:08.832 [Test worker] INFO com.picasso.paddle.tasks.CIScanTask - annotsBot.hasSingleton() false
########annotsbot hasqualifier count = 0
########annotsbot hasqualifier sum = 0
0
17:55:08.832 [Test worker] INFO com.picasso.paddle.tasks.CIScanTask - annotsBot.hasinject() false
17:55:08.832 [Test worker] INFO com.picasso.paddle.tasks.CIScanTask - annotsBot.hasNamed() false
########annotsbot hasqualifier count = 0
########annotsbot hasqualifier sum = 0
17:55:08.832 [Test worker] INFO com.picasso.paddle.tasks.CIScanTask - annotsBot.hasQualifiers() false
17:55:08.832 [Test worker] INFO com.picasso.paddle.tasks.CIScanTask - annotsBot.hasSingleton() false
########annotsbot hasqualifier count = 0
########annotsbot hasqualifier sum = 0
1
17:55:08.832 [Test worker] INFO com.picasso.paddle.tasks.CIScanTask - annotsBot.hasinject() true
17:55:08.832 [Test worker] INFO com.picasso.paddle.tasks.CIScanTask - annotsBot.hasNamed() false
########annotsbot hasqualifier count = 1
########annotsbot hasqualifier sum = 1
17:55:08.832 [Test worker] INFO com.picasso.paddle.tasks.CIScanTask - annotsBot.hasQualifiers() false
17:55:08.832 [Test worker] INFO com.picasso.paddle.tasks.CIScanTask - annotsBot.hasSingleton() false
########annotsbot hasqualifier count = 1
########annotsbot hasqualifier sum = 1
fsp hasInject 
0
17:55:08.833 [Test worker] INFO com.picasso.paddle.tasks.CIScanTask - annotsBot.hasinject() false
17:55:08.833 [Test worker] INFO com.picasso.paddle.tasks.CIScanTask - annotsBot.hasNamed() false
########annotsbot hasqualifier count = 0
########annotsbot hasqualifier sum = 0
17:55:08.833 [Test worker] INFO com.picasso.paddle.tasks.CIScanTask - annotsBot.hasQualifiers() false
17:55:08.833 [Test worker] INFO com.picasso.paddle.tasks.CIScanTask - annotsBot.hasSingleton() false
########annotsbot hasqualifier count = 0
########annotsbot hasqualifier sum = 0
0
17:55:08.833 [Test worker] INFO com.picasso.paddle.tasks.CIScanTask - annotsBot.hasinject() false
17:55:08.833 [Test worker] INFO com.picasso.paddle.tasks.CIScanTask - annotsBot.hasNamed() false
########annotsbot hasqualifier count = 0
########annotsbot hasqualifier sum = 0
17:55:08.833 [Test worker] INFO com.picasso.paddle.tasks.CIScanTask - annotsBot.hasQualifiers() false
17:55:08.833 [Test worker] INFO com.picasso.paddle.tasks.CIScanTask - annotsBot.hasSingleton() false
########annotsbot hasqualifier count = 0
########annotsbot hasqualifier sum = 0
17:55:08.833 [Test worker] INFO com.picasso.paddle.tasks.CIScanTask - 2Inject counter = 2
dochecks doing super owner = com.emerson.bpm.nodes.match.DefaultComparator
found inject com.emerson.bpm.nodes.match.DefaultComparator
17:55:08.833 [Test worker] INFO com.picasso.paddle.tasks.CIScanTask - 2Inject counter = 2
got data   [AnnotLinkage::com.emerson.bpm.nodes.match.DefaultComparator::null, AnnotLinkage::com.emerson.bpm.nodes.match.DefaultComparator::null]
dochecks doing super owner = com.emerson.bpm.nodes.match.DefaultComparator
AGR xob clas s=  class com.evatic.paddle.api.linkage.PrototypeList
AGR xob =  com.evatic.paddle.api.linkage.PrototypeList
xob find privider for inhecr = 
dochecks doing super owner = com.emerson.bpm.nodes.match.FieldNameComparator
17:55:08.838 [pool-3-thread-1] DEBUG com.evatic.paddle.finder.Lookme - getAllSupersStream for class class java.lang.reflect.Field
17:55:08.838 [pool-3-thread-1] DEBUG com.evatic.paddle.finder.Lookme - got sup class class java.lang.reflect.AccessibleObject
17:55:08.838 [pool-3-thread-1] DEBUG com.evatic.paddle.finder.Lookme - got sup class class java.lang.Object
dochecks doing super owner = com.emerson.bpm.nodes.match.FieldNameComparator
########annotsbot hasqualifier count = 1
########annotsbot hasqualifier sum = 1
########annotsbot hasqualifier count = 1
########annotsbot hasqualifier sum = 1
got data   Service::com.emerson.bpm.nodes.match.FieldNameComparator::null
AGR xob clas s=  class com.evatic.paddle.api.linkage.ServiceLinkage
AGR xob =  com.evatic.paddle.api.linkage.ServiceLinkage
found provider com.picasso.paddle.tasks.pipeline.api.ArgProvider
17:55:08.872 [Test worker] INFO com.picasso.paddle.tasks.CIScanTask - found provider c com.picasso.paddle.tasks.pipeline.api.ArgProvider
got data   BaseLinkage::com.picasso.paddle.tasks.pipeline.api.ArgProvider
AGR xob clas s=  class com.evatic.paddle.api.linkage.ProviderLinkage
AGR xob =  com.evatic.paddle.api.linkage.ProviderLinkage
dochecks doing super owner = com.horus.velograph.model.Edge
dir packageName = com.emerson.bpm.model
dir pkg norm = com.emerson.bpm.model
ClassInfoList beanpkgs classInfoList= [public class com.emerson.bpm.model.Account, public class com.emerson.bpm.model.AccountCriteria, public abstract interface com.emerson.bpm.model.Action extends java.lang.Runnable, public class com.emerson.bpm.model.Address, public class com.emerson.bpm.model.Bank, public class com.emerson.bpm.model.Branch, public class com.emerson.bpm.model.Budget, public static final enum com.emerson.bpm.model.Budget$KONA extends java.lang.Enum<com.emerson.bpm.model.Budget$KONA>, public class com.emerson.bpm.model.CrimCriteria, public class com.emerson.bpm.model.Customer, public class com.emerson.bpm.model.Flight, public static final enum com.emerson.bpm.model.Flight$CustType extends java.lang.Enum<com.emerson.bpm.model.Flight$CustType>, public class com.emerson.bpm.model.Galaxy, public static final enum com.emerson.bpm.model.Galaxy$GALAXY_DATE extends java.lang.Enum<com.emerson.bpm.model.Galaxy$GALAXY_DATE>, public class com.emerson.bpm.model.LoanApplication, public class com.emerson.bpm.model.LoanProduct, public class com.emerson.bpm.model.LoanStatus, public static final enum com.emerson.bpm.model.LoanStatus$loanStatus extends java.lang.Enum<com.emerson.bpm.model.LoanStatus$loanStatus>, public class com.emerson.bpm.model.Miles, public class com.emerson.bpm.model.NegationConstraints implements com.emerson.bpm.api.SDKNode, public class com.emerson.bpm.model.Person, public class com.emerson.bpm.model.Phase, public class com.emerson.bpm.model.Product, public class com.emerson.bpm.model.PurchaseOrder, public class com.emerson.bpm.model.Requirement, public class com.emerson.bpm.model.Ticket, public class com.emerson.bpm.model.Txn, public class com.emerson.bpm.model.TxnCriteria, public class com.emerson.bpm.model.Unknown, public class com.emerson.bpm.model.Vendor, public class com.emerson.bpm.model.Weapon]
got data   BaseLinkage::com.evatic.paddle.api.linkage.BeanLinkage
AGR xob clas s=  class com.evatic.paddle.api.linkage.BeanLinkage
AGR xob =  com.evatic.paddle.api.linkage.BeanLinkage
 XOBLH handlong beanpkgs = 
 addBeans beanGettersMap = {class com.emerson.bpm.model.Address=[Ljava.lang.reflect.Method;@3e4269d2, class com.emerson.bpm.model.Requirement=[Ljava.lang.reflect.Method;@2d748035, class com.emerson.bpm.model.Bank=[Ljava.lang.reflect.Method;@32868501, class com.emerson.bpm.model.TxnCriteria=[Ljava.lang.reflect.Method;@1cae0ca6, class com.emerson.bpm.model.Person=[Ljava.lang.reflect.Method;@318fea18, class com.emerson.bpm.model.Budget=[Ljava.lang.reflect.Method;@3873a134, class com.emerson.bpm.model.CrimCriteria=[Ljava.lang.reflect.Method;@3edb85b6, class com.emerson.bpm.model.Miles=[Ljava.lang.reflect.Method;@52fc75f7, class com.emerson.bpm.model.LoanApplication=[Ljava.lang.reflect.Method;@1ced9a9a, class com.emerson.bpm.model.AccountCriteria=[Ljava.lang.reflect.Method;@3932e232, class com.emerson.bpm.model.Budget$KONA=[Ljava.lang.reflect.Method;@5b263697, class com.emerson.bpm.model.NegationConstraints=[Ljava.lang.reflect.Method;@6a44a3c9, class com.emerson.bpm.model.Txn=[Ljava.lang.reflect.Method;@1a0ddd51, class com.emerson.bpm.model.Galaxy=[Ljava.lang.reflect.Method;@34008f50, interface com.emerson.bpm.model.Action=[Ljava.lang.reflect.Method;@5ef895c9, class com.emerson.bpm.model.LoanStatus=[Ljava.lang.reflect.Method;@11ed2f34, class com.emerson.bpm.model.Unknown=[Ljava.lang.reflect.Method;@657e9f0d, class com.emerson.bpm.model.Ticket=[Ljava.lang.reflect.Method;@5534e6fd, class com.emerson.bpm.model.Phase=[Ljava.lang.reflect.Method;@4ff8674f, class com.emerson.bpm.model.Flight$CustType=[Ljava.lang.reflect.Method;@3714650b, class com.emerson.bpm.model.LoanStatus$loanStatus=[Ljava.lang.reflect.Method;@26030213, class com.emerson.bpm.model.PurchaseOrder=[Ljava.lang.reflect.Method;@54f20b20, class com.emerson.bpm.model.Account=[Ljava.lang.reflect.Method;@583cccee, class com.emerson.bpm.model.Galaxy$GALAXY_DATE=[Ljava.lang.reflect.Method;@4c14d6df, class com.emerson.bpm.model.Branch=[Ljava.lang.reflect.Method;@723946d4, class com.emerson.bpm.model.Vendor=[Ljava.lang.reflect.Method;@36d6f8b8, class com.emerson.bpm.model.Flight=[Ljava.lang.reflect.Method;@8b30930, class com.emerson.bpm.model.Customer=[Ljava.lang.reflect.Method;@627b94d7, class com.emerson.bpm.model.Product=[Ljava.lang.reflect.Method;@5a4c61aa, class com.emerson.bpm.model.Weapon=[Ljava.lang.reflect.Method;@5b5e5163, class com.emerson.bpm.model.LoanProduct=[Ljava.lang.reflect.Method;@4bb439b1}
got data   BaseLinkage::com.evatic.paddle.api.linkage.DoneLinkage
iccawtask call done 
in ICMQTask call submit 
iccawtask call done 
gen scan done. result getting from scan 
pkgs =  [ com.emerson.bpm.*, ] 
pkgs =  [ com.emerson.bpm.*, ] 
pkgs =  [ com.emerson.bpm.*, ] 
paddleinjector bindings debug  = {interface com.picasso.paddle.annotation.BeanPackageScan={class com.emerson.bpm.model.Address=[Ljava.lang.reflect.Method;@3e4269d2, class com.emerson.bpm.model.Requirement=[Ljava.lang.reflect.Method;@2d748035, class com.emerson.bpm.model.Bank=[Ljava.lang.reflect.Method;@32868501, class com.emerson.bpm.model.TxnCriteria=[Ljava.lang.reflect.Method;@1cae0ca6, class com.emerson.bpm.model.Person=[Ljava.lang.reflect.Method;@318fea18, class com.emerson.bpm.model.Budget=[Ljava.lang.reflect.Method;@3873a134, class com.emerson.bpm.model.CrimCriteria=[Ljava.lang.reflect.Method;@3edb85b6, class com.emerson.bpm.model.Miles=[Ljava.lang.reflect.Method;@52fc75f7, class com.emerson.bpm.model.LoanApplication=[Ljava.lang.reflect.Method;@1ced9a9a, class com.emerson.bpm.model.AccountCriteria=[Ljava.lang.reflect.Method;@3932e232, class com.emerson.bpm.model.Budget$KONA=[Ljava.lang.reflect.Method;@5b263697, class com.emerson.bpm.model.NegationConstraints=[Ljava.lang.reflect.Method;@6a44a3c9, class com.emerson.bpm.model.Txn=[Ljava.lang.reflect.Method;@1a0ddd51, class com.emerson.bpm.model.Galaxy=[Ljava.lang.reflect.Method;@34008f50, interface com.emerson.bpm.model.Action=[Ljava.lang.reflect.Method;@5ef895c9, class com.emerson.bpm.model.LoanStatus=[Ljava.lang.reflect.Method;@11ed2f34, class com.emerson.bpm.model.Unknown=[Ljava.lang.reflect.Method;@657e9f0d, class com.emerson.bpm.model.Ticket=[Ljava.lang.reflect.Method;@5534e6fd, class com.emerson.bpm.model.Phase=[Ljava.lang.reflect.Method;@4ff8674f, class com.emerson.bpm.model.Flight$CustType=[Ljava.lang.reflect.Method;@3714650b, class com.emerson.bpm.model.LoanStatus$loanStatus=[Ljava.lang.reflect.Method;@26030213, class com.emerson.bpm.model.PurchaseOrder=[Ljava.lang.reflect.Method;@54f20b20, class com.emerson.bpm.model.Account=[Ljava.lang.reflect.Method;@583cccee, class com.emerson.bpm.model.Galaxy$GALAXY_DATE=[Ljava.lang.reflect.Method;@4c14d6df, class com.emerson.bpm.model.Branch=[Ljava.lang.reflect.Method;@723946d4, class com.emerson.bpm.model.Vendor=[Ljava.lang.reflect.Method;@36d6f8b8, class com.emerson.bpm.model.Flight=[Ljava.lang.reflect.Method;@8b30930, class com.emerson.bpm.model.Customer=[Ljava.lang.reflect.Method;@627b94d7, class com.emerson.bpm.model.Product=[Ljava.lang.reflect.Method;@5a4c61aa, class com.emerson.bpm.model.Weapon=[Ljava.lang.reflect.Method;@5b5e5163, class com.emerson.bpm.model.LoanProduct=[Ljava.lang.reflect.Method;@4bb439b1}, interface com.emerson.bpm.dsl.FieldProviderFactory=ProxyFactoryHandler}
paddleinjector annot check  = null
PaddleListener handle msg 
PaddleListener handle msg 
key =testmsg
data =412
key =async testmsg
data =416
monarchobserver this node =com.emerson.bpm.nodes.AlphaNode
monarchobserver onNext val =com.emerson.bpm.nodes.react.ObjectTypeNode@ceaf4b3
monarchobserver onNext ots val =null
monarchobserver OTN type =com.emerson.bpm.model.Person
commence test 2 
nodes len 0
 leftObserver id = 1560418697
commence test 2 
object typenode ATS  queue put.. 
Alphanode construct enter =
object typenode ATS  queue put.. 
Alphanode construct enter =
fields
GET OBJ TP class = class com.emerson.bpm.model.Person
]]></system-out>
  <system-err><![CDATA[java.lang.NullPointerException
	at com.picasso.paddle.RootInjector.addServiceBinding(RootInjector.java:410)
	at com.picasso.paddle.inject.AbstractGraphResolver.updateServiceFound(AbstractGraphResolver.java:658)
	at com.picasso.paddle.inject.AbstractGraphResolver.update(AbstractGraphResolver.java:179)
	at com.picasso.paddle.inject.AbstractGraphResolver.addServiceFound(AbstractGraphResolver.java:146)
	at com.picasso.paddle.tasks.XOBLinkageHandler.handleService(XOBLinkageHandler.java:448)
	at com.picasso.paddle.tasks.XOBLinkageHandler.handle(XOBLinkageHandler.java:116)
	at com.picasso.paddle.tasks.AbstractInjectCallableTask.processItem(AbstractInjectCallableTask.java:125)
	at com.picasso.paddle.tasks.vanilla.ICMQTask.scanInjectTask(ICMQTask.java:124)
	at com.picasso.paddle.tasks.vanilla.ICMQTask.run(ICMQTask.java:69)
	at java.util.concurrent.Executors$RunnableAdapter.call(Executors.java:511)
	at java.util.concurrent.FutureTask.run(FutureTask.java:266)
	at java.util.concurrent.ThreadPoolExecutor.runWorker(ThreadPoolExecutor.java:1149)
	at java.util.concurrent.ThreadPoolExecutor$Worker.run(ThreadPoolExecutor.java:624)
	at java.lang.Thread.run(Thread.java:748)
]]></system-err>
</testsuite>
